<?xml version="1.0" encoding="UTF-8"?>
<!-- Generated by org.testng.reporters.JUnitXMLReporter -->
<testsuite ignored="14" hostname="DESKTOP-KQQB62G" failures="0" tests="1" name="Default test" time="10.09" errors="0" timestamp="2025-05-06T14:58:41 AST">
  <testcase classname="AutomationFinal.AutomationFinal.AppTest" name="Download" time="1.052"/>
  <testcase classname="AutomationFinal.AutomationFinal.AppTest" name="iframe" time="0.0">
    <ignored/>
  </testcase> <!-- iframe -->
  <testcase classname="AutomationFinal.AutomationFinal.AppTest" name="OpenTab" time="0.0">
    <ignored/>
  </testcase> <!-- OpenTab -->
  <testcase classname="AutomationFinal.AutomationFinal.AppTest" name="CalenderExamle" time="0.0">
    <ignored/>
  </testcase> <!-- CalenderExamle -->
  <testcase classname="AutomationFinal.AutomationFinal.AppTest" name="EnabledDissButton" time="0.0">
    <ignored/>
  </testcase> <!-- EnabledDissButton -->
  <testcase classname="AutomationFinal.AutomationFinal.AppTest" name="hiddeshow" time="0.0">
    <ignored/>
  </testcase> <!-- hiddeshow -->
  <testcase classname="AutomationFinal.AutomationFinal.AppTest" name="OpenWindow" time="0.0">
    <ignored/>
  </testcase> <!-- OpenWindow -->
  <testcase classname="AutomationFinal.AutomationFinal.AppTest" name="Checkbox" time="0.0">
    <ignored/>
  </testcase> <!-- Checkbox -->
  <testcase classname="AutomationFinal.AutomationFinal.AppTest" name="SelectTag" time="0.0">
    <ignored/>
  </testcase> <!-- SelectTag -->
  <testcase classname="AutomationFinal.AutomationFinal.AppTest" name="MouseHoverExample" time="0.0">
    <ignored/>
  </testcase> <!-- MouseHoverExample -->
  <testcase classname="AutomationFinal.AutomationFinal.AppTest" name="RadioButton" time="0.0">
    <ignored/>
  </testcase> <!-- RadioButton -->
  <testcase classname="AutomationFinal.AutomationFinal.AppTest" name="ConfirmExample" time="0.0">
    <ignored/>
  </testcase> <!-- ConfirmExample -->
  <testcase classname="AutomationFinal.AutomationFinal.AppTest" name="AlertExample" time="0.0">
    <ignored/>
  </testcase> <!-- AlertExample -->
  <testcase classname="AutomationFinal.AutomationFinal.AppTest" name="Table" time="0.0">
    <ignored/>
  </testcase> <!-- Table -->
  <testcase classname="AutomationFinal.AutomationFinal.AppTest" name="SelectCountries" time="0.0">
    <ignored/>
  </testcase> <!-- SelectCountries -->
</testsuite> <!-- Default test -->
