<?xml version="1.0" encoding="UTF-8"?>
<testng-results ignored="14" total="15" passed="1" failed="0" skipped="0">
  <reporter-output>
  </reporter-output>
  <suite started-at="2025-05-06T14:58:30 AST" name="Default suite" finished-at="2025-05-06T14:58:41 AST" duration-ms="10090">
    <groups>
    </groups>
    <test started-at="2025-05-06T14:58:30 AST" name="Default test" finished-at="2025-05-06T14:58:41 AST" duration-ms="10090">
      <class name="AutomationFinal.AutomationFinal.AppTest">
        <test-method is-config="true" signature="radio()[pri:0, instance:AutomationFinal.AutomationFinal.AppTest@35a9782c]" started-at="2025-05-06T14:58:30 AST" name="radio" finished-at="2025-05-06T14:58:39 AST" duration-ms="8977" status="PASS">
          <reporter-output>
          </reporter-output>
        </test-method> <!-- radio -->
        <test-method signature="Download()[pri:15, instance:AutomationFinal.AutomationFinal.AppTest@35a9782c]" started-at="2025-05-06T14:58:39 AST" name="Download" finished-at="2025-05-06T14:58:41 AST" duration-ms="1052" status="PASS">
          <reporter-output>
          </reporter-output>
        </test-method> <!-- Download -->
      </class> <!-- AutomationFinal.AutomationFinal.AppTest -->
    </test> <!-- Default test -->
  </suite> <!-- Default suite -->
</testng-results>
